<?xml version="1.0" encoding="UTF-8"?>
<!-- Generated by org.testng.reporters.JUnitReportReporter -->
<testsuite skipped="0" hostname="DKW1529" name="com.qa.tests.GetAPITest" tests="1" failures="0" timestamp="16 Jul 2018 11:22:04 GMT" time="1.665" errors="0">
  <testcase name="getAPITest" time="1.665" classname="com.qa.tests.GetAPITest"/>
</testsuite> <!-- com.qa.tests.GetAPITest -->
