<?xml version="1.0" encoding="UTF-8"?>
<!-- Generated by org.testng.reporters.JUnitReportReporter -->
<testsuite skipped="0" hostname="DESKTOP-8S13367" name="com.qa.tests.GetAPITest" tests="1" failures="0" timestamp="16 Jul 2018 16:42:22 GMT" time="6.355" errors="0">
  <testcase name="getAPITestWithHeaders" time="6.355" classname="com.qa.tests.GetAPITest"/>
</testsuite> <!-- com.qa.tests.GetAPITest -->
